[0928/141041:ERROR:renderer_main.cc(226)] Running without renderer sandbox
[0928/141206:ERROR:renderer_main.cc(226)] Running without renderer sandbox
[0928/142616:ERROR:renderer_main.cc(226)] Running without renderer sandbox
[0928/142617:ERROR:renderer_main.cc(226)] Running without renderer sandbox
[0928/142723:ERROR:renderer_main.cc(226)] Running without renderer sandbox
[0928/142723:ERROR:renderer_main.cc(226)] Running without renderer sandbox
[0928/143407:ERROR:renderer_main.cc(226)] Running without renderer sandbox
[0928/143407:ERROR:renderer_main.cc(226)] Running without renderer sandbox
[0928/144638:ERROR:renderer_main.cc(226)] Running without renderer sandbox
[0928/144638:ERROR:renderer_main.cc(226)] Running without renderer sandbox
[0928/145153:ERROR:renderer_main.cc(226)] Running without renderer sandbox
[0928/145153:ERROR:renderer_main.cc(226)] Running without renderer sandbox
[0928/145154:ERROR:renderer_main.cc(226)] Running without renderer sandbox
[0928/145541:ERROR:CONSOLE(497)] "Uncaught TypeError: Cannot read property '1' of undefined", source: chrome-devtools://devtools/devtools.html (497)
[0928/145542:ERROR:CONSOLE(497)] "Uncaught TypeError: Cannot read property '1' of undefined", source: chrome-devtools://devtools/devtools.html (497)
[0928/150803:ERROR:renderer_main.cc(226)] Running without renderer sandbox
[0928/150803:ERROR:renderer_main.cc(226)] Running without renderer sandbox
[0928/154112:ERROR:gpu_info_collector_win.cc(102)] Can't retrieve a valid WinSAT assessment.
[0928/154112:ERROR:renderer_main.cc(226)] Running without renderer sandbox
[0928/202000:ERROR:gpu_info_collector_win.cc(102)] Can't retrieve a valid WinSAT assessment.
[0928/202001:ERROR:renderer_main.cc(226)] Running without renderer sandbox
[0928/202005:ERROR:renderer_main.cc(226)] Running without renderer sandbox
[0928/202546:ERROR:gpu_info_collector_win.cc(102)] Can't retrieve a valid WinSAT assessment.
[0928/202546:ERROR:renderer_main.cc(226)] Running without renderer sandbox
[0928/203519:ERROR:gpu_info_collector_win.cc(102)] Can't retrieve a valid WinSAT assessment.
[0928/203520:ERROR:renderer_main.cc(226)] Running without renderer sandbox
[0928/203656:ERROR:gpu_info_collector_win.cc(102)] Can't retrieve a valid WinSAT assessment.
[0928/203656:ERROR:renderer_main.cc(226)] Running without renderer sandbox
[0928/203905:ERROR:renderer_main.cc(226)] Running without renderer sandbox
[0928/203913:ERROR:renderer_main.cc(226)] Running without renderer sandbox
[0928/204028:ERROR:gpu_info_collector_win.cc(102)] Can't retrieve a valid WinSAT assessment.
[0928/204028:ERROR:renderer_main.cc(226)] Running without renderer sandbox
[0928/204031:ERROR:renderer_main.cc(226)] Running without renderer sandbox
[0928/204052:ERROR:gpu_info_collector_win.cc(102)] Can't retrieve a valid WinSAT assessment.
[0928/204053:ERROR:renderer_main.cc(226)] Running without renderer sandbox
[0928/204057:ERROR:renderer_main.cc(226)] Running without renderer sandbox
[0928/204115:ERROR:renderer_main.cc(226)] Running without renderer sandbox
[0928/204959:ERROR:gpu_info_collector_win.cc(102)] Can't retrieve a valid WinSAT assessment.
[0928/205002:ERROR:renderer_main.cc(226)] Running without renderer sandbox
[0928/205014:ERROR:renderer_main.cc(226)] Running without renderer sandbox
[0928/205132:ERROR:renderer_main.cc(226)] Running without renderer sandbox
[0928/205133:ERROR:renderer_main.cc(226)] Running without renderer sandbox
[0928/205134:ERROR:renderer_main.cc(226)] Running without renderer sandbox
[0928/205330:ERROR:renderer_main.cc(226)] Running without renderer sandbox
[0928/205330:ERROR:renderer_main.cc(226)] Running without renderer sandbox
[0928/205349:ERROR:renderer_main.cc(226)] Running without renderer sandbox
[0928/205349:ERROR:renderer_main.cc(226)] Running without renderer sandbox
[0928/210008:ERROR:renderer_main.cc(226)] Running without renderer sandbox
[0928/210008:ERROR:renderer_main.cc(226)] Running without renderer sandbox
[0928/210148:ERROR:renderer_main.cc(226)] Running without renderer sandbox
[0928/210148:ERROR:renderer_main.cc(226)] Running without renderer sandbox
[0928/210247:ERROR:ipc_channel_win.cc(132)] pipe error: 109
[0928/210247:ERROR:renderer_main.cc(226)] Running without renderer sandbox
[0928/210247:ERROR:renderer_main.cc(226)] Running without renderer sandbox
[0928/210342:ERROR:ipc_channel_win.cc(132)] pipe error: 109
[0928/210342:ERROR:renderer_main.cc(226)] Running without renderer sandbox
[0928/210342:ERROR:renderer_main.cc(226)] Running without renderer sandbox
[0928/210533:ERROR:renderer_main.cc(226)] Running without renderer sandbox
[0928/210533:ERROR:renderer_main.cc(226)] Running without renderer sandbox
[0928/210555:ERROR:renderer_main.cc(226)] Running without renderer sandbox
[0928/210654:ERROR:renderer_main.cc(226)] Running without renderer sandbox
[0928/210654:ERROR:renderer_main.cc(226)] Running without renderer sandbox
[0928/211137:ERROR:renderer_main.cc(226)] Running without renderer sandbox
[0928/211137:ERROR:renderer_main.cc(226)] Running without renderer sandbox
[0928/211856:ERROR:renderer_main.cc(226)] Running without renderer sandbox
[0928/211856:ERROR:renderer_main.cc(226)] Running without renderer sandbox
[0928/212941:ERROR:ipc_channel_win.cc(132)] pipe error: 109
[0928/212942:ERROR:renderer_main.cc(226)] Running without renderer sandbox
[0928/212942:ERROR:renderer_main.cc(226)] Running without renderer sandbox
[0928/215414:ERROR:ipc_channel_win.cc(132)] pipe error: 109
[0928/215414:ERROR:renderer_main.cc(226)] Running without renderer sandbox
[0928/215414:ERROR:renderer_main.cc(226)] Running without renderer sandbox
[0928/215449:ERROR:renderer_main.cc(226)] Running without renderer sandbox
[0928/215449:ERROR:renderer_main.cc(226)] Running without renderer sandbox
[0928/215533:ERROR:renderer_main.cc(226)] Running without renderer sandbox
[0928/215533:ERROR:renderer_main.cc(226)] Running without renderer sandbox
[0928/215734:ERROR:renderer_main.cc(226)] Running without renderer sandbox
[0928/215734:ERROR:renderer_main.cc(226)] Running without renderer sandbox
[0928/215942:ERROR:gpu_info_collector_win.cc(102)] Can't retrieve a valid WinSAT assessment.
[0928/215943:ERROR:renderer_main.cc(226)] Running without renderer sandbox
[0928/220708:ERROR:renderer_main.cc(226)] Running without renderer sandbox
[0928/220711:ERROR:renderer_main.cc(226)] Running without renderer sandbox
[0928/220722:ERROR:renderer_main.cc(226)] Running without renderer sandbox
[0928/220722:ERROR:renderer_main.cc(226)] Running without renderer sandbox
[0928/221456:ERROR:gpu_info_collector_win.cc(102)] Can't retrieve a valid WinSAT assessment.
[0928/221456:ERROR:renderer_main.cc(226)] Running without renderer sandbox
[0928/221504:ERROR:renderer_main.cc(226)] Running without renderer sandbox
[0928/221514:ERROR:renderer_main.cc(226)] Running without renderer sandbox
[0928/221514:ERROR:renderer_main.cc(226)] Running without renderer sandbox
[0928/223635:ERROR:renderer_main.cc(226)] Running without renderer sandbox
[0928/224500:ERROR:renderer_main.cc(226)] Running without renderer sandbox
[0928/225025:ERROR:renderer_main.cc(226)] Running without renderer sandbox
[0928/230030:ERROR:renderer_main.cc(226)] Running without renderer sandbox
[0928/230329:ERROR:renderer_main.cc(226)] Running without renderer sandbox
[0928/230936:ERROR:renderer_main.cc(226)] Running without renderer sandbox
[0928/231025:ERROR:renderer_main.cc(226)] Running without renderer sandbox
[0928/231128:ERROR:ipc_channel_win.cc(405)] pipe error: 232
[0928/231212:ERROR:renderer_main.cc(226)] Running without renderer sandbox
[0928/232529:ERROR:renderer_main.cc(226)] Running without renderer sandbox
[0928/233207:ERROR:ipc_channel_win.cc(405)] pipe error: 232
[0928/233418:ERROR:renderer_main.cc(226)] Running without renderer sandbox
[0928/234411:ERROR:renderer_main.cc(226)] Running without renderer sandbox
[0928/234418:ERROR:renderer_main.cc(226)] Running without renderer sandbox
[0928/234418:ERROR:renderer_main.cc(226)] Running without renderer sandbox
[0928/234418:ERROR:renderer_main.cc(226)] Running without renderer sandbox
[0928/234618:ERROR:renderer_main.cc(226)] Running without renderer sandbox
[0928/234618:ERROR:renderer_main.cc(226)] Running without renderer sandbox
[0928/235807:ERROR:gpu_info_collector_win.cc(102)] Can't retrieve a valid WinSAT assessment.
[0928/235807:ERROR:renderer_main.cc(226)] Running without renderer sandbox
[0928/235948:ERROR:renderer_main.cc(226)] Running without renderer sandbox
[0929/000325:ERROR:gpu_info_collector_win.cc(102)] Can't retrieve a valid WinSAT assessment.
[0929/000325:ERROR:renderer_main.cc(226)] Running without renderer sandbox
[0929/000354:ERROR:renderer_main.cc(226)] Running without renderer sandbox
[0929/000425:ERROR:gpu_info_collector_win.cc(102)] Can't retrieve a valid WinSAT assessment.
[0929/000426:ERROR:renderer_main.cc(226)] Running without renderer sandbox
[0929/000447:ERROR:renderer_main.cc(226)] Running without renderer sandbox
[0929/000537:ERROR:ipc_channel_win.cc(405)] pipe error: 232
[0929/000659:ERROR:gpu_info_collector_win.cc(102)] Can't retrieve a valid WinSAT assessment.
[0929/000659:ERROR:renderer_main.cc(226)] Running without renderer sandbox
[0929/000706:ERROR:renderer_main.cc(226)] Running without renderer sandbox
[0929/000713:ERROR:gpu_info_collector_win.cc(102)] Can't retrieve a valid WinSAT assessment.
[0929/000714:ERROR:renderer_main.cc(226)] Running without renderer sandbox
[0929/000750:ERROR:renderer_main.cc(226)] Running without renderer sandbox
[0929/000758:ERROR:gpu_info_collector_win.cc(102)] Can't retrieve a valid WinSAT assessment.
[0929/000759:ERROR:renderer_main.cc(226)] Running without renderer sandbox
[0929/000803:ERROR:renderer_main.cc(226)] Running without renderer sandbox
[0929/000849:ERROR:gpu_info_collector_win.cc(102)] Can't retrieve a valid WinSAT assessment.
[0929/000850:ERROR:renderer_main.cc(226)] Running without renderer sandbox
[0929/001006:ERROR:gpu_info_collector_win.cc(102)] Can't retrieve a valid WinSAT assessment.
[0929/001006:ERROR:renderer_main.cc(226)] Running without renderer sandbox
[0929/001129:ERROR:gpu_info_collector_win.cc(102)] Can't retrieve a valid WinSAT assessment.
[0929/001129:ERROR:renderer_main.cc(226)] Running without renderer sandbox
[0929/001211:ERROR:gpu_info_collector_win.cc(102)] Can't retrieve a valid WinSAT assessment.
[0929/001212:ERROR:renderer_main.cc(226)] Running without renderer sandbox
[0929/001222:ERROR:gpu_info_collector_win.cc(102)] Can't retrieve a valid WinSAT assessment.
[0929/001223:ERROR:renderer_main.cc(226)] Running without renderer sandbox
[0929/001345:ERROR:renderer_main.cc(226)] Running without renderer sandbox
[0929/002320:ERROR:gpu_info_collector_win.cc(102)] Can't retrieve a valid WinSAT assessment.
[0929/002320:ERROR:renderer_main.cc(226)] Running without renderer sandbox
[0929/002336:ERROR:renderer_main.cc(226)] Running without renderer sandbox
[0929/002527:ERROR:gpu_info_collector_win.cc(102)] Can't retrieve a valid WinSAT assessment.
[0929/002528:ERROR:renderer_main.cc(226)] Running without renderer sandbox
[0929/002534:ERROR:renderer_main.cc(226)] Running without renderer sandbox
[0929/002652:ERROR:gpu_info_collector_win.cc(102)] Can't retrieve a valid WinSAT assessment.
[0929/002652:ERROR:renderer_main.cc(226)] Running without renderer sandbox
[0929/002701:ERROR:renderer_main.cc(226)] Running without renderer sandbox
[0929/002830:ERROR:gpu_info_collector_win.cc(102)] Can't retrieve a valid WinSAT assessment.
[0929/002830:ERROR:renderer_main.cc(226)] Running without renderer sandbox
[0929/002840:ERROR:renderer_main.cc(226)] Running without renderer sandbox
[0929/003039:ERROR:gpu_info_collector_win.cc(102)] Can't retrieve a valid WinSAT assessment.
[0929/003039:ERROR:renderer_main.cc(226)] Running without renderer sandbox
[0929/003048:ERROR:renderer_main.cc(226)] Running without renderer sandbox
[0929/003254:ERROR:gpu_info_collector_win.cc(102)] Can't retrieve a valid WinSAT assessment.
[0929/003254:ERROR:renderer_main.cc(226)] Running without renderer sandbox
[0929/003301:ERROR:renderer_main.cc(226)] Running without renderer sandbox
[0929/003425:ERROR:gpu_info_collector_win.cc(102)] Can't retrieve a valid WinSAT assessment.
[0929/003425:ERROR:renderer_main.cc(226)] Running without renderer sandbox
[0929/003432:ERROR:renderer_main.cc(226)] Running without renderer sandbox
[0929/003507:ERROR:gpu_info_collector_win.cc(102)] Can't retrieve a valid WinSAT assessment.
[0929/003507:ERROR:renderer_main.cc(226)] Running without renderer sandbox
[0929/003543:ERROR:gpu_info_collector_win.cc(102)] Can't retrieve a valid WinSAT assessment.
[0929/003544:ERROR:renderer_main.cc(226)] Running without renderer sandbox
[0929/003552:ERROR:renderer_main.cc(226)] Running without renderer sandbox
[0929/004301:ERROR:gpu_info_collector_win.cc(102)] Can't retrieve a valid WinSAT assessment.
[0929/004302:ERROR:renderer_main.cc(226)] Running without renderer sandbox
[0929/004522:ERROR:gpu_info_collector_win.cc(102)] Can't retrieve a valid WinSAT assessment.
[0929/004523:ERROR:renderer_main.cc(226)] Running without renderer sandbox
[0929/004644:ERROR:gpu_info_collector_win.cc(102)] Can't retrieve a valid WinSAT assessment.
[0929/004645:ERROR:renderer_main.cc(226)] Running without renderer sandbox
[0929/004650:ERROR:renderer_main.cc(226)] Running without renderer sandbox
[0929/004758:ERROR:gpu_info_collector_win.cc(102)] Can't retrieve a valid WinSAT assessment.
[0929/004758:ERROR:renderer_main.cc(226)] Running without renderer sandbox
[0929/004804:ERROR:renderer_main.cc(226)] Running without renderer sandbox
[0929/004834:ERROR:gpu_info_collector_win.cc(102)] Can't retrieve a valid WinSAT assessment.
[0929/004835:ERROR:renderer_main.cc(226)] Running without renderer sandbox
[0929/004908:ERROR:renderer_main.cc(226)] Running without renderer sandbox
[0929/005047:ERROR:ipc_channel_win.cc(132)] pipe error: 109
[0929/005047:ERROR:renderer_main.cc(226)] Running without renderer sandbox
[0929/005047:ERROR:renderer_main.cc(226)] Running without renderer sandbox
[0929/005114:ERROR:renderer_main.cc(226)] Running without renderer sandbox
[0929/005202:ERROR:renderer_main.cc(226)] Running without renderer sandbox
[0929/005202:ERROR:renderer_main.cc(226)] Running without renderer sandbox
[0929/005228:ERROR:renderer_main.cc(226)] Running without renderer sandbox
[0929/005321:ERROR:renderer_main.cc(226)] Running without renderer sandbox
[0929/005321:ERROR:renderer_main.cc(226)] Running without renderer sandbox
[0929/005455:ERROR:ipc_channel_win.cc(132)] pipe error: 109
[0929/005455:ERROR:renderer_main.cc(226)] Running without renderer sandbox
[0929/005456:ERROR:renderer_main.cc(226)] Running without renderer sandbox
[0929/005520:ERROR:renderer_main.cc(226)] Running without renderer sandbox
[0929/005604:ERROR:ipc_channel_win.cc(132)] pipe error: 109
[0929/005604:ERROR:renderer_main.cc(226)] Running without renderer sandbox
[0929/005604:ERROR:renderer_main.cc(226)] Running without renderer sandbox
[0929/005659:ERROR:renderer_main.cc(226)] Running without renderer sandbox
[0929/005659:ERROR:renderer_main.cc(226)] Running without renderer sandbox
[0929/005841:ERROR:renderer_main.cc(226)] Running without renderer sandbox
[0929/005841:ERROR:renderer_main.cc(226)] Running without renderer sandbox
[0929/010321:ERROR:renderer_main.cc(226)] Running without renderer sandbox
[0929/010410:ERROR:renderer_main.cc(226)] Running without renderer sandbox
[0929/011015:ERROR:renderer_main.cc(226)] Running without renderer sandbox
[0929/011015:ERROR:renderer_main.cc(226)] Running without renderer sandbox
[0929/011118:ERROR:renderer_main.cc(226)] Running without renderer sandbox
[0929/011118:ERROR:renderer_main.cc(226)] Running without renderer sandbox
[0929/011211:ERROR:renderer_main.cc(226)] Running without renderer sandbox
[0929/011211:ERROR:renderer_main.cc(226)] Running without renderer sandbox
[0929/011506:ERROR:renderer_main.cc(226)] Running without renderer sandbox
[0929/011506:ERROR:renderer_main.cc(226)] Running without renderer sandbox
[0929/011807:ERROR:gpu_info_collector_win.cc(102)] Can't retrieve a valid WinSAT assessment.
[0929/011808:ERROR:renderer_main.cc(226)] Running without renderer sandbox
[0929/011814:ERROR:renderer_main.cc(226)] Running without renderer sandbox
[0929/011817:ERROR:renderer_main.cc(226)] Running without renderer sandbox
[0929/011819:ERROR:renderer_main.cc(226)] Running without renderer sandbox
[0929/011828:ERROR:renderer_main.cc(226)] Running without renderer sandbox
[0929/011847:ERROR:renderer_main.cc(226)] Running without renderer sandbox
[0929/011914:ERROR:renderer_main.cc(226)] Running without renderer sandbox
[0929/011934:ERROR:renderer_main.cc(226)] Running without renderer sandbox
[0929/012038:ERROR:gpu_info_collector_win.cc(102)] Can't retrieve a valid WinSAT assessment.
[0929/012039:ERROR:renderer_main.cc(226)] Running without renderer sandbox
[0929/012138:ERROR:gpu_info_collector_win.cc(102)] Can't retrieve a valid WinSAT assessment.
[0929/012138:ERROR:renderer_main.cc(226)] Running without renderer sandbox
[0929/145316:ERROR:gpu_info_collector_win.cc(102)] Can't retrieve a valid WinSAT assessment.
[0929/145317:ERROR:renderer_main.cc(226)] Running without renderer sandbox
[0929/145425:ERROR:renderer_main.cc(226)] Running without renderer sandbox
[0929/145553:ERROR:gpu_info_collector_win.cc(102)] Can't retrieve a valid WinSAT assessment.
[0929/145554:ERROR:renderer_main.cc(226)] Running without renderer sandbox
[0929/145719:ERROR:gpu_info_collector_win.cc(102)] Can't retrieve a valid WinSAT assessment.
[0929/145720:ERROR:renderer_main.cc(226)] Running without renderer sandbox
[0929/145826:ERROR:gpu_info_collector_win.cc(102)] Can't retrieve a valid WinSAT assessment.
[0929/145827:ERROR:renderer_main.cc(226)] Running without renderer sandbox
[0929/145839:ERROR:renderer_main.cc(226)] Running without renderer sandbox
[0929/150017:ERROR:gpu_info_collector_win.cc(102)] Can't retrieve a valid WinSAT assessment.
[0929/150017:ERROR:renderer_main.cc(226)] Running without renderer sandbox
[0929/150057:ERROR:gpu_info_collector_win.cc(102)] Can't retrieve a valid WinSAT assessment.
[0929/150057:ERROR:renderer_main.cc(226)] Running without renderer sandbox
[0929/150219:ERROR:gpu_info_collector_win.cc(102)] Can't retrieve a valid WinSAT assessment.
[0929/150220:ERROR:renderer_main.cc(226)] Running without renderer sandbox
[0929/150228:ERROR:renderer_main.cc(226)] Running without renderer sandbox
[0929/150451:ERROR:gpu_info_collector_win.cc(102)] Can't retrieve a valid WinSAT assessment.
[0929/150451:ERROR:renderer_main.cc(226)] Running without renderer sandbox
[0929/150514:ERROR:renderer_main.cc(226)] Running without renderer sandbox
[0929/150614:ERROR:gpu_info_collector_win.cc(102)] Can't retrieve a valid WinSAT assessment.
[0929/150614:ERROR:renderer_main.cc(226)] Running without renderer sandbox
[0929/150645:ERROR:gpu_info_collector_win.cc(102)] Can't retrieve a valid WinSAT assessment.
[0929/150646:ERROR:renderer_main.cc(226)] Running without renderer sandbox
[0929/150746:ERROR:gpu_info_collector_win.cc(102)] Can't retrieve a valid WinSAT assessment.
[0929/150746:ERROR:renderer_main.cc(226)] Running without renderer sandbox
[0929/151118:ERROR:gpu_info_collector_win.cc(102)] Can't retrieve a valid WinSAT assessment.
[0929/151119:ERROR:renderer_main.cc(226)] Running without renderer sandbox
[0929/152558:ERROR:gpu_info_collector_win.cc(102)] Can't retrieve a valid WinSAT assessment.
[0929/152558:ERROR:renderer_main.cc(226)] Running without renderer sandbox
[0929/152957:ERROR:gpu_info_collector_win.cc(102)] Can't retrieve a valid WinSAT assessment.
[0929/152958:ERROR:renderer_main.cc(226)] Running without renderer sandbox
[0929/153025:ERROR:renderer_main.cc(226)] Running without renderer sandbox
[0929/153157:ERROR:gpu_info_collector_win.cc(102)] Can't retrieve a valid WinSAT assessment.
[0929/153158:ERROR:renderer_main.cc(226)] Running without renderer sandbox
[0929/153353:ERROR:gpu_info_collector_win.cc(102)] Can't retrieve a valid WinSAT assessment.
[0929/153354:ERROR:renderer_main.cc(226)] Running without renderer sandbox
[0929/153448:ERROR:gpu_info_collector_win.cc(102)] Can't retrieve a valid WinSAT assessment.
[0929/153449:ERROR:renderer_main.cc(226)] Running without renderer sandbox
[0929/153613:ERROR:gpu_info_collector_win.cc(102)] Can't retrieve a valid WinSAT assessment.
[0929/153613:ERROR:renderer_main.cc(226)] Running without renderer sandbox
[0929/153837:ERROR:gpu_info_collector_win.cc(102)] Can't retrieve a valid WinSAT assessment.
[0929/153838:ERROR:renderer_main.cc(226)] Running without renderer sandbox
[0929/154012:ERROR:gpu_info_collector_win.cc(102)] Can't retrieve a valid WinSAT assessment.
[0929/154012:ERROR:renderer_main.cc(226)] Running without renderer sandbox
[0929/154122:ERROR:gpu_info_collector_win.cc(102)] Can't retrieve a valid WinSAT assessment.
[0929/154122:ERROR:renderer_main.cc(226)] Running without renderer sandbox
[0929/154203:ERROR:gpu_info_collector_win.cc(102)] Can't retrieve a valid WinSAT assessment.
[0929/154204:ERROR:renderer_main.cc(226)] Running without renderer sandbox
[0929/154240:ERROR:renderer_main.cc(226)] Running without renderer sandbox
[0929/154502:ERROR:renderer_main.cc(226)] Running without renderer sandbox
[0929/154519:ERROR:gpu_info_collector_win.cc(102)] Can't retrieve a valid WinSAT assessment.
[0929/154519:ERROR:renderer_main.cc(226)] Running without renderer sandbox
[0929/154538:ERROR:renderer_main.cc(226)] Running without renderer sandbox
[0929/154629:ERROR:renderer_main.cc(226)] Running without renderer sandbox
[0929/154629:ERROR:renderer_main.cc(226)] Running without renderer sandbox
[0929/154630:ERROR:renderer_main.cc(226)] Running without renderer sandbox
[0929/154641:ERROR:gpu_info_collector_win.cc(102)] Can't retrieve a valid WinSAT assessment.
[0929/154642:ERROR:renderer_main.cc(226)] Running without renderer sandbox
[0929/154739:ERROR:renderer_main.cc(226)] Running without renderer sandbox
[0929/154752:ERROR:renderer_main.cc(226)] Running without renderer sandbox
[0929/154808:ERROR:renderer_main.cc(226)] Running without renderer sandbox
[0929/154932:ERROR:renderer_main.cc(226)] Running without renderer sandbox
[0929/154932:ERROR:renderer_main.cc(226)] Running without renderer sandbox
[0929/154947:ERROR:renderer_main.cc(226)] Running without renderer sandbox
[0929/155106:ERROR:renderer_main.cc(226)] Running without renderer sandbox
[0929/155106:ERROR:renderer_main.cc(226)] Running without renderer sandbox
[0929/155107:ERROR:renderer_main.cc(226)] Running without renderer sandbox
[0929/155117:ERROR:gpu_info_collector_win.cc(102)] Can't retrieve a valid WinSAT assessment.
[0929/155117:ERROR:renderer_main.cc(226)] Running without renderer sandbox
[0929/155128:ERROR:renderer_main.cc(226)] Running without renderer sandbox
[0929/155417:ERROR:gpu_info_collector_win.cc(102)] Can't retrieve a valid WinSAT assessment.
[0929/155418:ERROR:renderer_main.cc(226)] Running without renderer sandbox
[0929/155507:ERROR:gpu_info_collector_win.cc(102)] Can't retrieve a valid WinSAT assessment.
[0929/155508:ERROR:renderer_main.cc(226)] Running without renderer sandbox
[0929/160041:ERROR:gpu_info_collector_win.cc(102)] Can't retrieve a valid WinSAT assessment.
[0929/160042:ERROR:renderer_main.cc(226)] Running without renderer sandbox
[0929/161309:ERROR:gpu_info_collector_win.cc(102)] Can't retrieve a valid WinSAT assessment.
[0929/161309:ERROR:renderer_main.cc(226)] Running without renderer sandbox
[0929/162337:ERROR:gpu_info_collector_win.cc(102)] Can't retrieve a valid WinSAT assessment.
[0929/162337:ERROR:renderer_main.cc(226)] Running without renderer sandbox
[0929/162427:ERROR:gpu_info_collector_win.cc(102)] Can't retrieve a valid WinSAT assessment.
[0929/162427:ERROR:renderer_main.cc(226)] Running without renderer sandbox
[0929/162507:ERROR:renderer_main.cc(226)] Running without renderer sandbox
[0929/162516:ERROR:gpu_info_collector_win.cc(102)] Can't retrieve a valid WinSAT assessment.
[0929/162516:ERROR:renderer_main.cc(226)] Running without renderer sandbox
[0929/162614:ERROR:gpu_info_collector_win.cc(102)] Can't retrieve a valid WinSAT assessment.
[0929/162615:ERROR:renderer_main.cc(226)] Running without renderer sandbox
[0929/162635:ERROR:gpu_info_collector_win.cc(102)] Can't retrieve a valid WinSAT assessment.
[0929/162635:ERROR:renderer_main.cc(226)] Running without renderer sandbox
[0929/163550:ERROR:gpu_info_collector_win.cc(102)] Can't retrieve a valid WinSAT assessment.
[0929/163550:ERROR:renderer_main.cc(226)] Running without renderer sandbox
[0929/163602:ERROR:renderer_main.cc(226)] Running without renderer sandbox
[0929/163713:ERROR:gpu_info_collector_win.cc(102)] Can't retrieve a valid WinSAT assessment.
[0929/163714:ERROR:renderer_main.cc(226)] Running without renderer sandbox
[0929/163833:ERROR:gpu_info_collector_win.cc(102)] Can't retrieve a valid WinSAT assessment.
[0929/163834:ERROR:renderer_main.cc(226)] Running without renderer sandbox
[0929/164010:ERROR:gpu_info_collector_win.cc(102)] Can't retrieve a valid WinSAT assessment.
[0929/164011:ERROR:renderer_main.cc(226)] Running without renderer sandbox
[0929/164040:ERROR:gpu_info_collector_win.cc(102)] Can't retrieve a valid WinSAT assessment.
[0929/164040:ERROR:renderer_main.cc(226)] Running without renderer sandbox
[0929/164049:ERROR:renderer_main.cc(226)] Running without renderer sandbox
[0929/164228:ERROR:gpu_info_collector_win.cc(102)] Can't retrieve a valid WinSAT assessment.
[0929/164229:ERROR:renderer_main.cc(226)] Running without renderer sandbox
[0929/164236:ERROR:renderer_main.cc(226)] Running without renderer sandbox
[0929/164309:ERROR:gpu_info_collector_win.cc(102)] Can't retrieve a valid WinSAT assessment.
[0929/164310:ERROR:renderer_main.cc(226)] Running without renderer sandbox
[0929/164322:ERROR:gpu_info_collector_win.cc(102)] Can't retrieve a valid WinSAT assessment.
[0929/164322:ERROR:renderer_main.cc(226)] Running without renderer sandbox
[0929/164417:ERROR:renderer_main.cc(226)] Running without renderer sandbox
[0929/164426:ERROR:renderer_main.cc(226)] Running without renderer sandbox
[0929/164435:ERROR:gpu_info_collector_win.cc(102)] Can't retrieve a valid WinSAT assessment.
[0929/164436:ERROR:renderer_main.cc(226)] Running without renderer sandbox
[0929/164443:ERROR:renderer_main.cc(226)] Running without renderer sandbox
[0929/164514:ERROR:ipc_channel_win.cc(132)] pipe error: 109
[0929/164514:ERROR:renderer_main.cc(226)] Running without renderer sandbox
[0929/164514:ERROR:renderer_main.cc(226)] Running without renderer sandbox
[0929/164543:ERROR:gpu_info_collector_win.cc(102)] Can't retrieve a valid WinSAT assessment.
[0929/164544:ERROR:renderer_main.cc(226)] Running without renderer sandbox
[0929/164711:ERROR:gpu_info_collector_win.cc(102)] Can't retrieve a valid WinSAT assessment.
[0929/164711:ERROR:renderer_main.cc(226)] Running without renderer sandbox
[0929/164722:ERROR:renderer_main.cc(226)] Running without renderer sandbox
[0929/164813:ERROR:gpu_info_collector_win.cc(102)] Can't retrieve a valid WinSAT assessment.
[0929/164814:ERROR:renderer_main.cc(226)] Running without renderer sandbox
[0929/164853:ERROR:gpu_info_collector_win.cc(102)] Can't retrieve a valid WinSAT assessment.
[0929/164854:ERROR:renderer_main.cc(226)] Running without renderer sandbox
[0929/165410:ERROR:gpu_info_collector_win.cc(102)] Can't retrieve a valid WinSAT assessment.
[0929/165411:ERROR:renderer_main.cc(226)] Running without renderer sandbox
[0929/170710:ERROR:renderer_main.cc(226)] Running without renderer sandbox
[0929/170721:ERROR:gpu_info_collector_win.cc(102)] Can't retrieve a valid WinSAT assessment.
[0929/170721:ERROR:renderer_main.cc(226)] Running without renderer sandbox
[0929/170842:ERROR:gpu_info_collector_win.cc(102)] Can't retrieve a valid WinSAT assessment.
[0929/170843:ERROR:renderer_main.cc(226)] Running without renderer sandbox
[0929/170850:ERROR:renderer_main.cc(226)] Running without renderer sandbox
[0929/170915:ERROR:gpu_info_collector_win.cc(102)] Can't retrieve a valid WinSAT assessment.
[0929/170915:ERROR:renderer_main.cc(226)] Running without renderer sandbox
[0929/170921:ERROR:renderer_main.cc(226)] Running without renderer sandbox
[0929/171025:ERROR:gpu_info_collector_win.cc(102)] Can't retrieve a valid WinSAT assessment.
[0929/171026:ERROR:renderer_main.cc(226)] Running without renderer sandbox
[0929/171215:ERROR:gpu_info_collector_win.cc(102)] Can't retrieve a valid WinSAT assessment.
[0929/171216:ERROR:renderer_main.cc(226)] Running without renderer sandbox
[0929/171228:ERROR:renderer_main.cc(226)] Running without renderer sandbox
[0929/171239:ERROR:renderer_main.cc(226)] Running without renderer sandbox
[0929/171338:ERROR:gpu_info_collector_win.cc(102)] Can't retrieve a valid WinSAT assessment.
[0929/171339:ERROR:renderer_main.cc(226)] Running without renderer sandbox
[0929/171428:ERROR:gpu_info_collector_win.cc(102)] Can't retrieve a valid WinSAT assessment.
[0929/171429:ERROR:renderer_main.cc(226)] Running without renderer sandbox
[0929/171439:ERROR:renderer_main.cc(226)] Running without renderer sandbox
[0929/171527:ERROR:gpu_info_collector_win.cc(102)] Can't retrieve a valid WinSAT assessment.
[0929/171528:ERROR:renderer_main.cc(226)] Running without renderer sandbox
[0929/171548:ERROR:gpu_info_collector_win.cc(102)] Can't retrieve a valid WinSAT assessment.
[0929/171548:ERROR:renderer_main.cc(226)] Running without renderer sandbox
[0929/171612:ERROR:gpu_info_collector_win.cc(102)] Can't retrieve a valid WinSAT assessment.
[0929/171612:ERROR:renderer_main.cc(226)] Running without renderer sandbox
[0929/171651:ERROR:gpu_info_collector_win.cc(102)] Can't retrieve a valid WinSAT assessment.
[0929/171652:ERROR:renderer_main.cc(226)] Running without renderer sandbox
[0929/171706:ERROR:renderer_main.cc(226)] Running without renderer sandbox
[0929/171719:ERROR:gpu_info_collector_win.cc(102)] Can't retrieve a valid WinSAT assessment.
[0929/171719:ERROR:renderer_main.cc(226)] Running without renderer sandbox
[0929/171831:ERROR:gpu_info_collector_win.cc(102)] Can't retrieve a valid WinSAT assessment.
[0929/171831:ERROR:renderer_main.cc(226)] Running without renderer sandbox
[0929/172014:ERROR:gpu_info_collector_win.cc(102)] Can't retrieve a valid WinSAT assessment.
[0929/172015:ERROR:renderer_main.cc(226)] Running without renderer sandbox
[0929/172127:ERROR:gpu_info_collector_win.cc(102)] Can't retrieve a valid WinSAT assessment.
[0929/172128:ERROR:renderer_main.cc(226)] Running without renderer sandbox
[0929/172237:ERROR:gpu_info_collector_win.cc(102)] Can't retrieve a valid WinSAT assessment.
[0929/172238:ERROR:renderer_main.cc(226)] Running without renderer sandbox
[0929/172355:ERROR:gpu_info_collector_win.cc(102)] Can't retrieve a valid WinSAT assessment.
[0929/172356:ERROR:renderer_main.cc(226)] Running without renderer sandbox
[0929/172404:ERROR:renderer_main.cc(226)] Running without renderer sandbox
[0929/172407:ERROR:ipc_channel_win.cc(132)] pipe error: 109
[0929/172425:ERROR:gpu_info_collector_win.cc(102)] Can't retrieve a valid WinSAT assessment.
[0929/172426:ERROR:renderer_main.cc(226)] Running without renderer sandbox
[0929/172440:ERROR:gpu_info_collector_win.cc(102)] Can't retrieve a valid WinSAT assessment.
[0929/172441:ERROR:renderer_main.cc(226)] Running without renderer sandbox
[0929/172516:ERROR:gpu_info_collector_win.cc(102)] Can't retrieve a valid WinSAT assessment.
[0929/172517:ERROR:renderer_main.cc(226)] Running without renderer sandbox
[0929/172942:ERROR:gpu_info_collector_win.cc(102)] Can't retrieve a valid WinSAT assessment.
[0929/172942:ERROR:renderer_main.cc(226)] Running without renderer sandbox
[0929/172953:ERROR:renderer_main.cc(226)] Running without renderer sandbox
[0929/173956:ERROR:renderer_main.cc(226)] Running without renderer sandbox
[0929/174353:ERROR:renderer_main.cc(226)] Running without renderer sandbox
[0929/174421:ERROR:gpu_info_collector_win.cc(102)] Can't retrieve a valid WinSAT assessment.
[0929/174422:ERROR:renderer_main.cc(226)] Running without renderer sandbox
[0929/174427:ERROR:renderer_main.cc(226)] Running without renderer sandbox
[0929/174731:ERROR:gpu_info_collector_win.cc(102)] Can't retrieve a valid WinSAT assessment.
[0929/174731:ERROR:renderer_main.cc(226)] Running without renderer sandbox
[0929/174824:ERROR:renderer_main.cc(226)] Running without renderer sandbox
[0929/174900:ERROR:renderer_main.cc(226)] Running without renderer sandbox
[0929/174911:ERROR:renderer_main.cc(226)] Running without renderer sandbox
[0929/174939:ERROR:renderer_main.cc(226)] Running without renderer sandbox
[0929/175053:ERROR:gpu_info_collector_win.cc(102)] Can't retrieve a valid WinSAT assessment.
[0929/175053:ERROR:renderer_main.cc(226)] Running without renderer sandbox
[0929/175824:ERROR:gpu_info_collector_win.cc(102)] Can't retrieve a valid WinSAT assessment.
[0929/175824:ERROR:renderer_main.cc(226)] Running without renderer sandbox
[0929/175848:ERROR:gpu_info_collector_win.cc(102)] Can't retrieve a valid WinSAT assessment.
[0929/175849:ERROR:renderer_main.cc(226)] Running without renderer sandbox
[0929/180722:ERROR:gpu_info_collector_win.cc(102)] Can't retrieve a valid WinSAT assessment.
[0929/180723:ERROR:renderer_main.cc(226)] Running without renderer sandbox
[0929/180736:ERROR:renderer_main.cc(226)] Running without renderer sandbox
[0929/180817:ERROR:gpu_info_collector_win.cc(102)] Can't retrieve a valid WinSAT assessment.
[0929/180818:ERROR:renderer_main.cc(226)] Running without renderer sandbox
[0929/180824:ERROR:renderer_main.cc(226)] Running without renderer sandbox
[0929/180855:ERROR:renderer_main.cc(226)] Running without renderer sandbox
[0929/180926:ERROR:gpu_info_collector_win.cc(102)] Can't retrieve a valid WinSAT assessment.
[0929/180926:ERROR:renderer_main.cc(226)] Running without renderer sandbox
[0929/181424:ERROR:gpu_info_collector_win.cc(102)] Can't retrieve a valid WinSAT assessment.
[0929/181425:ERROR:renderer_main.cc(226)] Running without renderer sandbox
[0929/181433:ERROR:renderer_main.cc(226)] Running without renderer sandbox
[0929/181641:ERROR:renderer_main.cc(226)] Running without renderer sandbox
[0929/181641:ERROR:renderer_main.cc(226)] Running without renderer sandbox
[0929/181724:ERROR:renderer_main.cc(226)] Running without renderer sandbox
[0929/181834:ERROR:renderer_main.cc(226)] Running without renderer sandbox
[0929/181834:ERROR:renderer_main.cc(226)] Running without renderer sandbox
[0929/182052:ERROR:gpu_info_collector_win.cc(102)] Can't retrieve a valid WinSAT assessment.
[0929/182053:ERROR:renderer_main.cc(226)] Running without renderer sandbox
[0929/182122:ERROR:renderer_main.cc(226)] Running without renderer sandbox
[0929/182146:ERROR:gpu_info_collector_win.cc(102)] Can't retrieve a valid WinSAT assessment.
[0929/182147:ERROR:renderer_main.cc(226)] Running without renderer sandbox
[0929/182216:ERROR:renderer_main.cc(226)] Running without renderer sandbox
[0929/182258:ERROR:renderer_main.cc(226)] Running without renderer sandbox
[0929/182258:ERROR:renderer_main.cc(226)] Running without renderer sandbox
[0929/182959:ERROR:gpu_info_collector_win.cc(102)] Can't retrieve a valid WinSAT assessment.
[0929/182959:ERROR:renderer_main.cc(226)] Running without renderer sandbox
[0929/183018:ERROR:gpu_info_collector_win.cc(102)] Can't retrieve a valid WinSAT assessment.
[0929/183018:ERROR:renderer_main.cc(226)] Running without renderer sandbox
[0929/183210:ERROR:gpu_info_collector_win.cc(102)] Can't retrieve a valid WinSAT assessment.
[0929/183211:ERROR:renderer_main.cc(226)] Running without renderer sandbox
[0929/183319:ERROR:gpu_info_collector_win.cc(102)] Can't retrieve a valid WinSAT assessment.
[0929/183319:ERROR:renderer_main.cc(226)] Running without renderer sandbox
[0929/183408:ERROR:gpu_info_collector_win.cc(102)] Can't retrieve a valid WinSAT assessment.
[0929/183409:ERROR:renderer_main.cc(226)] Running without renderer sandbox
[0929/183440:ERROR:renderer_main.cc(226)] Running without renderer sandbox
[0929/183537:ERROR:gpu_info_collector_win.cc(102)] Can't retrieve a valid WinSAT assessment.
[0929/183538:ERROR:renderer_main.cc(226)] Running without renderer sandbox
[0929/183607:ERROR:renderer_main.cc(226)] Running without renderer sandbox
[0929/184206:ERROR:gpu_info_collector_win.cc(102)] Can't retrieve a valid WinSAT assessment.
[0929/184206:ERROR:renderer_main.cc(226)] Running without renderer sandbox
[0929/184225:ERROR:renderer_main.cc(226)] Running without renderer sandbox
[0929/184226:ERROR:renderer_main.cc(226)] Running without renderer sandbox
[0929/184245:ERROR:gpu_info_collector_win.cc(102)] Can't retrieve a valid WinSAT assessment.
[0929/184245:ERROR:renderer_main.cc(226)] Running without renderer sandbox
[0929/184410:ERROR:renderer_main.cc(226)] Running without renderer sandbox
[0929/185007:ERROR:gpu_info_collector_win.cc(102)] Can't retrieve a valid WinSAT assessment.
[0929/185008:ERROR:renderer_main.cc(226)] Running without renderer sandbox
[0929/185222:ERROR:gpu_info_collector_win.cc(102)] Can't retrieve a valid WinSAT assessment.
[0929/185223:ERROR:renderer_main.cc(226)] Running without renderer sandbox
[0929/185241:ERROR:gpu_info_collector_win.cc(102)] Can't retrieve a valid WinSAT assessment.
[0929/185242:ERROR:renderer_main.cc(226)] Running without renderer sandbox
[0929/185305:ERROR:gpu_info_collector_win.cc(102)] Can't retrieve a valid WinSAT assessment.
[0929/185306:ERROR:renderer_main.cc(226)] Running without renderer sandbox
[0929/185327:ERROR:gpu_info_collector_win.cc(102)] Can't retrieve a valid WinSAT assessment.
[0929/185328:ERROR:renderer_main.cc(226)] Running without renderer sandbox
[0929/185346:ERROR:renderer_main.cc(226)] Running without renderer sandbox
[0929/185356:ERROR:renderer_main.cc(226)] Running without renderer sandbox
[0929/185408:ERROR:gpu_info_collector_win.cc(102)] Can't retrieve a valid WinSAT assessment.
[0929/185409:ERROR:renderer_main.cc(226)] Running without renderer sandbox
[0929/185426:ERROR:renderer_main.cc(226)] Running without renderer sandbox
[0929/185434:ERROR:renderer_main.cc(226)] Running without renderer sandbox
[0929/185510:ERROR:gpu_info_collector_win.cc(102)] Can't retrieve a valid WinSAT assessment.
[0929/185511:ERROR:renderer_main.cc(226)] Running without renderer sandbox
[0929/185529:ERROR:renderer_main.cc(226)] Running without renderer sandbox
[0929/185535:ERROR:renderer_main.cc(226)] Running without renderer sandbox
[0929/185543:ERROR:gpu_info_collector_win.cc(102)] Can't retrieve a valid WinSAT assessment.
[0929/185544:ERROR:renderer_main.cc(226)] Running without renderer sandbox
[0929/185559:ERROR:renderer_main.cc(226)] Running without renderer sandbox
[0929/185610:ERROR:gpu_info_collector_win.cc(102)] Can't retrieve a valid WinSAT assessment.
[0929/185611:ERROR:renderer_main.cc(226)] Running without renderer sandbox
[0929/185804:ERROR:gpu_info_collector_win.cc(102)] Can't retrieve a valid WinSAT assessment.
[0929/185805:ERROR:renderer_main.cc(226)] Running without renderer sandbox
[0929/185835:ERROR:renderer_main.cc(226)] Running without renderer sandbox
[0929/185847:ERROR:gpu_info_collector_win.cc(102)] Can't retrieve a valid WinSAT assessment.
[0929/185848:ERROR:renderer_main.cc(226)] Running without renderer sandbox
[0929/185938:ERROR:gpu_info_collector_win.cc(102)] Can't retrieve a valid WinSAT assessment.
[0929/185939:ERROR:renderer_main.cc(226)] Running without renderer sandbox
[0929/190031:ERROR:gpu_info_collector_win.cc(102)] Can't retrieve a valid WinSAT assessment.
[0929/190032:ERROR:renderer_main.cc(226)] Running without renderer sandbox
[0929/190241:ERROR:gpu_info_collector_win.cc(102)] Can't retrieve a valid WinSAT assessment.
[0929/190242:ERROR:renderer_main.cc(226)] Running without renderer sandbox
[0929/190332:ERROR:renderer_main.cc(226)] Running without renderer sandbox
[0929/190336:ERROR:renderer_main.cc(226)] Running without renderer sandbox
[0929/190343:ERROR:renderer_main.cc(226)] Running without renderer sandbox
[0929/190417:ERROR:gpu_info_collector_win.cc(102)] Can't retrieve a valid WinSAT assessment.
[0929/190418:ERROR:renderer_main.cc(226)] Running without renderer sandbox
[0929/190437:ERROR:gpu_info_collector_win.cc(102)] Can't retrieve a valid WinSAT assessment.
[0929/190438:ERROR:renderer_main.cc(226)] Running without renderer sandbox
[0929/190448:ERROR:renderer_main.cc(226)] Running without renderer sandbox
[0929/193131:ERROR:gpu_info_collector_win.cc(102)] Can't retrieve a valid WinSAT assessment.
[0929/193133:ERROR:renderer_main.cc(226)] Running without renderer sandbox
[0929/193201:ERROR:renderer_main.cc(226)] Running without renderer sandbox
[0929/193717:ERROR:gpu_info_collector_win.cc(102)] Can't retrieve a valid WinSAT assessment.
[0929/193717:ERROR:renderer_main.cc(226)] Running without renderer sandbox
[0929/202242:ERROR:gpu_info_collector_win.cc(102)] Can't retrieve a valid WinSAT assessment.
[0929/202242:ERROR:renderer_main.cc(226)] Running without renderer sandbox
[0929/203936:ERROR:gpu_info_collector_win.cc(102)] Can't retrieve a valid WinSAT assessment.
[0929/203936:ERROR:renderer_main.cc(226)] Running without renderer sandbox
[0929/204005:ERROR:renderer_main.cc(226)] Running without renderer sandbox
[0929/204140:ERROR:gpu_info_collector_win.cc(102)] Can't retrieve a valid WinSAT assessment.
[0929/204141:ERROR:renderer_main.cc(226)] Running without renderer sandbox
[0929/204227:ERROR:renderer_main.cc(226)] Running without renderer sandbox
[0929/204233:ERROR:renderer_main.cc(226)] Running without renderer sandbox
[0929/204320:ERROR:gpu_info_collector_win.cc(102)] Can't retrieve a valid WinSAT assessment.
[0929/204320:ERROR:renderer_main.cc(226)] Running without renderer sandbox
[0929/204403:ERROR:renderer_main.cc(226)] Running without renderer sandbox
[0929/204440:ERROR:gpu_info_collector_win.cc(102)] Can't retrieve a valid WinSAT assessment.
[0929/204441:ERROR:renderer_main.cc(226)] Running without renderer sandbox
[0929/204500:ERROR:renderer_main.cc(226)] Running without renderer sandbox
[0929/204512:ERROR:gpu_info_collector_win.cc(102)] Can't retrieve a valid WinSAT assessment.
[0929/204512:ERROR:renderer_main.cc(226)] Running without renderer sandbox
[0929/204716:ERROR:gpu_info_collector_win.cc(102)] Can't retrieve a valid WinSAT assessment.
[0929/204717:ERROR:renderer_main.cc(226)] Running without renderer sandbox
[0929/204727:ERROR:renderer_main.cc(226)] Running without renderer sandbox
[0929/204828:ERROR:ipc_channel_win.cc(405)] pipe error: 232
[0929/205346:ERROR:gpu_info_collector_win.cc(102)] Can't retrieve a valid WinSAT assessment.
[0929/205346:ERROR:renderer_main.cc(226)] Running without renderer sandbox
[0929/205350:ERROR:renderer_main.cc(226)] Running without renderer sandbox
[0929/210014:ERROR:renderer_main.cc(226)] Running without renderer sandbox
[0929/210017:ERROR:renderer_main.cc(226)] Running without renderer sandbox
[0929/210024:ERROR:renderer_main.cc(226)] Running without renderer sandbox
[0929/210027:ERROR:renderer_main.cc(226)] Running without renderer sandbox
[0929/210034:ERROR:gpu_info_collector_win.cc(102)] Can't retrieve a valid WinSAT assessment.
[0929/210035:ERROR:renderer_main.cc(226)] Running without renderer sandbox
[0929/210126:ERROR:renderer_main.cc(226)] Running without renderer sandbox
[0929/210132:ERROR:renderer_main.cc(226)] Running without renderer sandbox
[0929/210135:ERROR:renderer_main.cc(226)] Running without renderer sandbox
[0929/210143:ERROR:renderer_main.cc(226)] Running without renderer sandbox
[0929/210205:ERROR:renderer_main.cc(226)] Running without renderer sandbox
[0929/210214:ERROR:gpu_info_collector_win.cc(102)] Can't retrieve a valid WinSAT assessment.
[0929/210215:ERROR:renderer_main.cc(226)] Running without renderer sandbox
[0929/210339:ERROR:renderer_main.cc(226)] Running without renderer sandbox
[0929/210352:ERROR:renderer_main.cc(226)] Running without renderer sandbox
[0929/210407:ERROR:renderer_main.cc(226)] Running without renderer sandbox
[0929/210414:ERROR:renderer_main.cc(226)] Running without renderer sandbox
[0929/210502:ERROR:renderer_main.cc(226)] Running without renderer sandbox
[0929/210511:ERROR:gpu_info_collector_win.cc(102)] Can't retrieve a valid WinSAT assessment.
[0929/210512:ERROR:renderer_main.cc(226)] Running without renderer sandbox
[0929/210759:ERROR:renderer_main.cc(226)] Running without renderer sandbox
[0929/211110:ERROR:renderer_main.cc(226)] Running without renderer sandbox
[0929/211329:ERROR:renderer_main.cc(226)] Running without renderer sandbox
[0929/211343:ERROR:renderer_main.cc(226)] Running without renderer sandbox
[0929/211442:ERROR:renderer_main.cc(226)] Running without renderer sandbox
[0929/211717:ERROR:renderer_main.cc(226)] Running without renderer sandbox
[0929/211734:ERROR:renderer_main.cc(226)] Running without renderer sandbox
[0929/211749:ERROR:renderer_main.cc(226)] Running without renderer sandbox
[0929/212214:ERROR:renderer_main.cc(226)] Running without renderer sandbox
[0929/212216:ERROR:renderer_main.cc(226)] Running without renderer sandbox
[0929/212725:ERROR:renderer_main.cc(226)] Running without renderer sandbox
[0929/212733:ERROR:renderer_main.cc(226)] Running without renderer sandbox
[0929/212733:ERROR:renderer_main.cc(226)] Running without renderer sandbox
[0929/212938:ERROR:renderer_main.cc(226)] Running without renderer sandbox
[0929/212945:ERROR:renderer_main.cc(226)] Running without renderer sandbox
[0929/212957:ERROR:renderer_main.cc(226)] Running without renderer sandbox
[0929/213023:ERROR:renderer_main.cc(226)] Running without renderer sandbox
[0929/213043:ERROR:renderer_main.cc(226)] Running without renderer sandbox
[0929/213637:ERROR:renderer_main.cc(226)] Running without renderer sandbox
